Arguments: 
  E:\node.exe C:\Users\旭儿\AppData\Roaming\npm\node_modules\yarn\bin\yarn.js install

PATH: 
  C:\WINDOWS\system32;C:\WINDOWS;C:\WINDOWS\System32\Wbem;C:\WINDOWS\System32\WindowsPowerShell\v1.0\;C:\WINDOWS\System32\OpenSSH\;E:\;E:\Git\cmd;C:\Users\旭儿\AppData\Local\Microsoft\WindowsApps;C:\Users\旭儿\AppData\Roaming\npm;E:\Bandizip\;C:\Users\旭儿\AppData\Local\Programs\Microsoft VS Code\bin

Yarn version: 
  1.22.10

Node version: 
  14.15.4

Platform: 
  win32 x64

Trace: 
  Error: true/axios: Invalid URI "true/axios"
      at Request.module.exports.Request.init (C:\Users\旭儿\AppData\Roaming\npm\node_modules\yarn\lib\cli.js:140750:31)
      at new Request (C:\Users\旭儿\AppData\Roaming\npm\node_modules\yarn\lib\cli.js:140604:8)
      at request (C:\Users\旭儿\AppData\Roaming\npm\node_modules\yarn\lib\cli.js:136804:10)
      at RequestManager.execute (C:\Users\旭儿\AppData\Roaming\npm\node_modules\yarn\lib\cli.js:67040:15)
      at RequestManager.shiftQueue (C:\Users\旭儿\AppData\Roaming\npm\node_modules\yarn\lib\cli.js:67078:10)
      at C:\Users\旭儿\AppData\Roaming\npm\node_modules\yarn\lib\cli.js:66747:13
      at new Promise (<anonymous>)
      at new F (C:\Users\旭儿\AppData\Roaming\npm\node_modules\yarn\lib\cli.js:5301:28)
      at RequestManager.request (C:\Users\旭儿\AppData\Roaming\npm\node_modules\yarn\lib\cli.js:66745:19)
      at NpmRegistry.<anonymous> (C:\Users\旭儿\AppData\Roaming\npm\node_modules\yarn\lib\cli.js:31704:42)

npm manifest: 
  {
    "name": "supplier",
    "version": "1.0.0",
    "private": true,
    "scripts": {
      "dev": "npm run serve",
      "serve": "vue-cli-service serve",
      "build": "vue-cli-service build",
      "build_dev": "vue-cli-service build --mode=development",
      "build_staging": "vue-cli-service build --mode=staging"
    },
    "dependencies": {
      "axios": "^0.21.1",
      "babel-polyfill": "^6.26.0",
      "bootstrap": "^4.5.3",
      "dayjs": "^1.9.7",
      "debounce": "^1.2.0",
      "echarts": "^4.9.0",
      "echarts-liquidfill": "^2.0.6",
      "echarts-wordcloud": "^1.1.3",
      "element-ui": "^2.14.1",
      "jquery": "^3.5.1",
      "popper.js": "^1.16.1",
      "shvl": "^2.0.0",
      "vue": "^2.6.10",
      "vue-router": "^3.2.0",
      "vuex": "^3.4.0"
    },
    "devDependencies": {
      "@vue/cli-plugin-babel": "^3.9.0",
      "@vue/cli-service": "^3.9.0",
      "@vue/eslint-config-standard": "^5.1.2",
      "babel-eslint": "^10.1.0",
      "babel-plugin-component": "^1.1.1",
      "eslint": "^6.7.2",
      "eslint-plugin-import": "^2.20.2",
      "eslint-plugin-node": "^11.1.0",
      "eslint-plugin-promise": "^4.2.1",
      "eslint-plugin-standard": "^4.0.0",
      "eslint-plugin-vue": "^6.2.2",
      "node-sass": "^4.14.1",
      "sass": "^1.26.5",
      "sass-loader": "^8.0.2",
      "style-loader": "^1.2.1",
      "terser-webpack-plugin": "^5.1.1",
      "vue-loader": "^15.9.2",
      "vue-style-loader": "^4.1.2",
      "vue-template-compiler": "^2.6.10"
    }
  }

yarn manifest: 
  No manifest

Lockfile: 
  No lockfile
